Fitter Retime Stage Report for golden_top
Fri Apr 10 23:32:40 2026
Quartus Prime Version 25.3.1 Build 100 12/19/2025 Patches 1.02 SC Pro Edition


---------------------
; Table of Contents ;
---------------------
  1. Legal Notice
  2. Hyper-Retimer Settings
  3. Reset Sequence Requirement
  4. Retiming Limit Summary
  5. Clock Domain u_VEDIO_PLL|iopll_0_outclk0 (Meets timing requirements: No further analysis performed.)
  6. Clock Domain u_VEDIO_PLL|iopll_0_refclk (Meets timing requirements: No further analysis performed.)
  7. Clock Domain u_AUDIO_PLL|iopll_0_outclk0 (Meets timing requirements: No further analysis performed.)
  8. Retime Messages



----------------
; Legal Notice ;
----------------
Copyright (C) 2025  Altera Corporation. All rights reserved.
Your use of Altera Corporation's design tools, logic functions 
and other software and tools, and any partner logic 
functions, and any output files from any of the foregoing 
(including device programming or simulation files), and any 
associated documentation or information are expressly subject 
to the terms and conditions of the Altera Program License 
Subscription Agreement, the Altera Quartus Prime License Agreement,
the Altera IP License Agreement, or other applicable license
agreement, including, without limitation, that your use is for
the sole purpose of programming logic devices manufactured by
Altera and sold by Altera or its authorized distributors.  Please
refer to the Altera Software License Subscription Agreements 
on the Quartus Prime software download page.



+--------------------------------------------------+
; Hyper-Retimer Settings                           ;
+------------------------+---------+---------------+
; Option                 ; Setting ; Default Value ;
+------------------------+---------+---------------+
; Enable Auto-Pipelining ; On      ; On            ;
+------------------------+---------+---------------+


+----------------------------------------------------------------------------+
; Reset Sequence Requirement                                                 ;
+----------------------------------------------+-----------------------------+
; Clock Name                                   ; Number of additional cycles ;
+----------------------------------------------+-----------------------------+
; u_VEDIO_PLL|iopll_0_refclk                   ; 2                           ;
; u_VEDIO_PLL|iopll_0|tennm_ph2_iopll|ref_clk0 ; 0                           ;
; u_VEDIO_PLL|iopll_0_n_cnt_clk                ; 0                           ;
; u_VEDIO_PLL|iopll_0_m_cnt_clk                ; 0                           ;
; u_VEDIO_PLL|iopll_0_outclk0                  ; 2                           ;
; u_VEDIO_PLL|iopll_0_outclk1                  ; 0                           ;
; internal_clk                                 ; 0                           ;
; CLOCK1_50                                    ; 0                           ;
; u_AUDIO_PLL|iopll_0|tennm_ph2_iopll|ref_clk0 ; 0                           ;
; u_AUDIO_PLL|iopll_0_n_cnt_clk                ; 0                           ;
; u_AUDIO_PLL|iopll_0_m_cnt_clk                ; 0                           ;
; u_AUDIO_PLL|iopll_0_outclk0                  ; 2                           ;
+----------------------------------------------+-----------------------------+
Note: Due to retiming optimizations, a clock domain may require a longer reset sequence to ensure correct functionality.  The table above indicates the minimum number of additional reset sequence cycles needed for each clock domain.


+-----------------------------------------------------------------------------------------------------------------------+
; Retiming Limit Summary                                                                                                ;
+------------------------------------------+-----------------------------------------------------------+----------------+
; Clock Transfer                           ; Limiting Reason                                           ; Recommendation ;
+------------------------------------------+-----------------------------------------------------------+----------------+
; Clock Domain u_VEDIO_PLL|iopll_0_outclk0 ; Meets timing requirements: No further analysis performed. ; None           ;
; Clock Domain u_VEDIO_PLL|iopll_0_refclk  ; Meets timing requirements: No further analysis performed. ; None           ;
; Clock Domain u_AUDIO_PLL|iopll_0_outclk0 ; Meets timing requirements: No further analysis performed. ; None           ;
+------------------------------------------+-----------------------------------------------------------+----------------+


Clock Domain u_VEDIO_PLL|iopll_0_outclk0 (Meets timing requirements: No further analysis performed.)
===============================================================================


Clock Domain u_VEDIO_PLL|iopll_0_refclk (Meets timing requirements: No further analysis performed.)
===============================================================================


Clock Domain u_AUDIO_PLL|iopll_0_outclk0 (Meets timing requirements: No further analysis performed.)
===============================================================================


+-----------------+
; Retime Messages ;
+-----------------+
Info (20030): Parallel compilation is enabled and will use 12 of the 12 processors detected
Info: *******************************************************************
Info: Running Quartus Prime Fitter
    Info: Version 25.3.1 Build 100 12/19/2025 Patches 1.02 SC Pro Edition
    Info: Processing started: Fri Apr 10 23:29:35 2026
    Info: System process ID: 11852
Info: Command: quartus_fit --read_settings_files=on --write_settings_files=off golden_top -c golden_top
Info: qfit2_default_script.tcl version: #1
Info: Project  = golden_top
Info: Revision = golden_top
Info (17966): Starting Hyper-Retimer operations.
Info (18914): The Hyper-Retimer was unable to optimize the design due to retiming restrictions. Run Fast Forward Timing Closure Recommendations to see step-by-step suggestions for design changes and show the estimated performance improvement from making these changes.
Info (17968): Completed Hyper-Retimer operations.
Info (18821): Fitter Hyper-Retimer operations ending: elapsed time is 00:00:01


